#
# There is insufficient memory for the Java Runtime Environment to continue.
# Native memory allocation (malloc) failed to allocate 445136 bytes for Chunk::new
# Possible reasons:
#   The system is out of physical RAM or swap space
#   The process is running with CompressedOops enabled, and the Java Heap may be blocking the growth of the native heap
# Possible solutions:
#   Reduce memory load on the system
#   Increase physical memory or swap space
#   Check if swap backing store is full
#   Decrease Java heap size (-Xmx/-Xms)
#   Decrease number of Java threads
#   Decrease Java thread stack sizes (-Xss)
#   Set larger code cache with -XX:ReservedCodeCacheSize=
#   JVM is running with Unscaled Compressed Oops mode in which the Java heap is
#     placed in the first 4GB address space. The Java Heap base address is the
#     maximum limit for the native heap growth. Please use -XX:HeapBaseMinAddress
#     to set the Java Heap base and to place the Java Heap above 4GB virtual address.
# This output file may be truncated or incomplete.
#
#  Out of Memory Error (allocation.cpp:389), pid=12704, tid=0x0000000000000f80
#
# JRE version: Java(TM) SE Runtime Environment (8.0_241-b07) (build 1.8.0_241-b07)
# Java VM: Java HotSpot(TM) 64-Bit Server VM (25.241-b07 mixed mode windows-amd64 compressed oops)
# Failed to write core dump. Minidumps are not enabled by default on client versions of Windows
#

---------------  T H R E A D  ---------------

Current thread (0x0000000016cb5800):  JavaThread "C2 CompilerThread0" daemon [_thread_in_native, id=3968, stack(0x0000000017040000,0x0000000017140000)]

Stack: [0x0000000017040000,0x0000000017140000]
[error occurred during error reporting (printing stack bounds), id 0xc0000005]

Native frames: (J=compiled Java code, j=interpreted, Vv=VM code, C=native code)


Current CompileTask:
C2:   5887 2090       4       java.net.URLStreamHandler::parseURL (1193 bytes)


---------------  P R O C E S S  ---------------

Java Threads: ( => current thread )
  0x0000000016d84800 JavaThread "Service Thread" daemon [_thread_blocked, id=2808, stack(0x0000000017340000,0x0000000017440000)]
  0x0000000016d81800 JavaThread "C1 CompilerThread2" daemon [_thread_blocked, id=692, stack(0x0000000017240000,0x0000000017340000)]
  0x0000000016d65000 JavaThread "C2 CompilerThread1" daemon [_thread_blocked, id=5292, stack(0x0000000017140000,0x0000000017240000)]
=>0x0000000016cb5800 JavaThread "C2 CompilerThread0" daemon [_thread_in_native, id=3968, stack(0x0000000017040000,0x0000000017140000)]
  0x0000000016cb4000 JavaThread "Monitor Ctrl-Break" daemon [_thread_in_native, id=11304, stack(0x0000000016f40000,0x0000000017040000)]
  0x00000000154dd800 JavaThread "Attach Listener" daemon [_thread_blocked, id=10344, stack(0x0000000016a40000,0x0000000016b40000)]
  0x00000000154dc000 JavaThread "Signal Dispatcher" daemon [_thread_blocked, id=5344, stack(0x0000000016940000,0x0000000016a40000)]
  0x0000000003328800 JavaThread "Finalizer" daemon [_thread_blocked, id=3304, stack(0x0000000016720000,0x0000000016820000)]
  0x0000000003325000 JavaThread "Reference Handler" daemon [_thread_blocked, id=5824, stack(0x0000000016620000,0x0000000016720000)]
  0x0000000003235800 JavaThread "main" [_thread_in_vm, id=6328, stack(0x0000000002fb0000,0x00000000030b0000)]

Other Threads:
  0x0000000015497800 VMThread [stack: 0x0000000016520000,0x0000000016620000] [id=13476]
  0x0000000016de2000 WatcherThread [stack: 0x0000000017440000,0x0000000017540000] [id=14496]

VM state:not at safepoint (normal execution)

VM Mutex/Monitor currently owned by a thread: None

heap address: 0x00000000c8e00000, size: 882 MB, Compressed Oops mode: 32-bit
Narrow klass base: 0x0000000000000000, Narrow klass shift: 3
Compressed class space size: 1073741824 Address: 0x0000000100000000

Heap:
 PSYoungGen      total 31744K, used 16055K [0x00000000eda00000, 0x00000000efb00000, 0x0000000100000000)
  eden space 29696K, 54% used [0x00000000eda00000,0x00000000ee9addf0,0x00000000ef700000)
  from space 2048K, 0% used [0x00000000ef900000,0x00000000ef900000,0x00000000efb00000)
  to   space 2048K, 0% used [0x00000000ef700000,0x00000000ef700000,0x00000000ef900000)
 ParOldGen       total 32768K, used 6630K [0x00000000c8e00000, 0x00000000cae00000, 0x00000000eda00000)
  object space 32768K, 20% used [0x00000000c8e00000,0x00000000c9479b08,0x00000000cae00000)
 Metaspace       used 21664K, capacity 22810K, committed 23040K, reserved 1069056K
  class space    used 2734K, capacity 2967K, committed 3072K, reserved 1048576K

Card table byte_map: [0x00000000126f0000,0x00000000128b0000] byte_map_base: 0x00000000120a9000

Marking Bits: (ParMarkBitMap*) 0x000000005242be30
 Begin Bits: [0x0000000012de0000, 0x0000000013ba8000)
 End Bits:   [0x0000000013ba8000, 0x0000000014970000)

Polling page: 0x0000000002db0000

CodeCache: size=245760Kb used=6845Kb max_used=6845Kb free=238914Kb
 bounds [0x0000000003330000, 0x00000000039f0000, 0x0000000012330000]
 total_blobs=2471 nmethods=2099 adapters=285
 compilation: enabled

Compilation events (10 events):
Event: 5.880 Thread 0x0000000016d81800 2096       1       org.springframework.cglib.core.Signature::getName (5 bytes)
Event: 5.880 Thread 0x0000000016d81800 nmethod 2096 0x00000000039e12d0 code [0x00000000039e1420, 0x00000000039e1530]
Event: 5.881 Thread 0x0000000016d81800 2097       3       org.springframework.asm.Frame::pop (42 bytes)
Event: 5.881 Thread 0x0000000016d81800 nmethod 2097 0x00000000039e1590 code [0x00000000039e1700, 0x00000000039e18f0]
Event: 5.882 Thread 0x0000000016d81800 2098       3       org.springframework.asm.MethodWriter::addSuccessorToCurrentBasicBlock (24 bytes)
Event: 5.882 Thread 0x0000000016d81800 nmethod 2098 0x00000000039e19d0 code [0x00000000039e1b40, 0x00000000039e1df0]
Event: 5.882 Thread 0x0000000016d81800 2099       3       org.springframework.asm.Edge::<init> (20 bytes)
Event: 5.882 Thread 0x0000000016d81800 nmethod 2099 0x00000000039e1f50 code [0x00000000039e20a0, 0x00000000039e2270]
Event: 5.883 Thread 0x0000000016d81800 2100       1       org.springframework.asm.SymbolTable::getMajorVersion (5 bytes)
Event: 5.883 Thread 0x0000000016d81800 nmethod 2100 0x00000000039e2310 code [0x00000000039e2460, 0x00000000039e2570]

GC Heap History (10 events):
Event: 3.228 GC heap before
{Heap before GC invocations=3 (full 0):
 PSYoungGen      total 16896K, used 16885K [0x00000000eda00000, 0x00000000eec80000, 0x0000000100000000)
  eden space 14848K, 100% used [0x00000000eda00000,0x00000000ee880000,0x00000000ee880000)
  from space 2048K, 99% used [0x00000000eea80000,0x00000000eec7d6b8,0x00000000eec80000)
  to   space 2048K, 0% used [0x00000000ee880000,0x00000000ee880000,0x00000000eea80000)
 ParOldGen       total 38400K, used 1676K [0x00000000c8e00000, 0x00000000cb380000, 0x00000000eda00000)
  object space 38400K, 4% used [0x00000000c8e00000,0x00000000c8fa3368,0x00000000cb380000)
 Metaspace       used 11641K, capacity 12280K, committed 12416K, reserved 1060864K
  class space    used 1444K, capacity 1598K, committed 1664K, reserved 1048576K
Event: 3.252 GC heap after
Heap after GC invocations=3 (full 0):
 PSYoungGen      total 16896K, used 2025K [0x00000000eda00000, 0x00000000efb00000, 0x0000000100000000)
  eden space 14848K, 0% used [0x00000000eda00000,0x00000000eda00000,0x00000000ee880000)
  from space 2048K, 98% used [0x00000000ee880000,0x00000000eea7a520,0x00000000eea80000)
  to   space 2048K, 0% used [0x00000000ef900000,0x00000000ef900000,0x00000000efb00000)
 ParOldGen       total 38400K, used 3753K [0x00000000c8e00000, 0x00000000cb380000, 0x00000000eda00000)
  object space 38400K, 9% used [0x00000000c8e00000,0x00000000c91aa7f0,0x00000000cb380000)
 Metaspace       used 11641K, capacity 12280K, committed 12416K, reserved 1060864K
  class space    used 1444K, capacity 1598K, committed 1664K, reserved 1048576K
}
Event: 3.599 GC heap before
{Heap before GC invocations=4 (full 0):
 PSYoungGen      total 16896K, used 16873K [0x00000000eda00000, 0x00000000efb00000, 0x0000000100000000)
  eden space 14848K, 100% used [0x00000000eda00000,0x00000000ee880000,0x00000000ee880000)
  from space 2048K, 98% used [0x00000000ee880000,0x00000000eea7a520,0x00000000eea80000)
  to   space 2048K, 0% used [0x00000000ef900000,0x00000000ef900000,0x00000000efb00000)
 ParOldGen       total 38400K, used 3753K [0x00000000c8e00000, 0x00000000cb380000, 0x00000000eda00000)
  object space 38400K, 9% used [0x00000000c8e00000,0x00000000c91aa7f0,0x00000000cb380000)
 Metaspace       used 13806K, capacity 14426K, committed 14720K, reserved 1062912K
  class space    used 1696K, capacity 1843K, committed 1920K, reserved 1048576K
Event: 3.619 GC heap after
Heap after GC invocations=4 (full 0):
 PSYoungGen      total 31744K, used 2032K [0x00000000eda00000, 0x00000000efb00000, 0x0000000100000000)
  eden space 29696K, 0% used [0x00000000eda00000,0x00000000eda00000,0x00000000ef700000)
  from space 2048K, 99% used [0x00000000ef900000,0x00000000efafc010,0x00000000efb00000)
  to   space 2048K, 0% used [0x00000000ef700000,0x00000000ef700000,0x00000000ef900000)
 ParOldGen       total 38400K, used 5703K [0x00000000c8e00000, 0x00000000cb380000, 0x00000000eda00000)
  object space 38400K, 14% used [0x00000000c8e00000,0x00000000c9391e50,0x00000000cb380000)
 Metaspace       used 13806K, capacity 14426K, committed 14720K, reserved 1062912K
  class space    used 1696K, capacity 1843K, committed 1920K, reserved 1048576K
}
Event: 4.145 GC heap before
{Heap before GC invocations=5 (full 0):
 PSYoungGen      total 31744K, used 31728K [0x00000000eda00000, 0x00000000efb00000, 0x0000000100000000)
  eden space 29696K, 100% used [0x00000000eda00000,0x00000000ef700000,0x00000000ef700000)
  from space 2048K, 99% used [0x00000000ef900000,0x00000000efafc010,0x00000000efb00000)
  to   space 2048K, 0% used [0x00000000ef700000,0x00000000ef700000,0x00000000ef900000)
 ParOldGen       total 38400K, used 5703K [0x00000000c8e00000, 0x00000000cb380000, 0x00000000eda00000)
  object space 38400K, 14% used [0x00000000c8e00000,0x00000000c9391e50,0x00000000cb380000)
 Metaspace       used 17757K, capacity 18460K, committed 18560K, reserved 1064960K
  class space    used 2217K, capacity 2370K, committed 2432K, reserved 1048576K
Event: 4.156 GC heap after
Heap after GC invocations=5 (full 0):
 PSYoungGen      total 31744K, used 2032K [0x00000000eda00000, 0x00000000efb00000, 0x0000000100000000)
  eden space 29696K, 0% used [0x00000000eda00000,0x00000000eda00000,0x00000000ef700000)
  from space 2048K, 99% used [0x00000000ef700000,0x00000000ef8fc010,0x00000000ef900000)
  to   space 2048K, 0% used [0x00000000ef900000,0x00000000ef900000,0x00000000efb00000)
 ParOldGen       total 38400K, used 9822K [0x00000000c8e00000, 0x00000000cb380000, 0x00000000eda00000)
  object space 38400K, 25% used [0x00000000c8e00000,0x00000000c97978d8,0x00000000cb380000)
 Metaspace       used 17757K, capacity 18460K, committed 18560K, reserved 1064960K
  class space    used 2217K, capacity 2370K, committed 2432K, reserved 1048576K
}
Event: 5.218 GC heap before
{Heap before GC invocations=6 (full 0):
 PSYoungGen      total 31744K, used 31637K [0x00000000eda00000, 0x00000000efb00000, 0x0000000100000000)
  eden space 29696K, 99% used [0x00000000eda00000,0x00000000ef6e9550,0x00000000ef700000)
  from space 2048K, 99% used [0x00000000ef700000,0x00000000ef8fc010,0x00000000ef900000)
  to   space 2048K, 0% used [0x00000000ef900000,0x00000000ef900000,0x00000000efb00000)
 ParOldGen       total 38400K, used 9822K [0x00000000c8e00000, 0x00000000cb380000, 0x00000000eda00000)
  object space 38400K, 25% used [0x00000000c8e00000,0x00000000c97978d8,0x00000000cb380000)
 Metaspace       used 20152K, capacity 21114K, committed 21248K, reserved 1067008K
  class space    used 2530K, capacity 2725K, committed 2816K, reserved 1048576K
Event: 5.241 GC heap after
Heap after GC invocations=6 (full 0):
 PSYoungGen      total 31744K, used 2016K [0x00000000eda00000, 0x00000000efb00000, 0x0000000100000000)
  eden space 29696K, 0% used [0x00000000eda00000,0x00000000eda00000,0x00000000ef700000)
  from space 2048K, 98% used [0x00000000ef900000,0x00000000efaf8020,0x00000000efb00000)
  to   space 2048K, 0% used [0x00000000ef700000,0x00000000ef700000,0x00000000ef900000)
 ParOldGen       total 38400K, used 13264K [0x00000000c8e00000, 0x00000000cb380000, 0x00000000eda00000)
  object space 38400K, 34% used [0x00000000c8e00000,0x00000000c9af4218,0x00000000cb380000)
 Metaspace       used 20152K, capacity 21114K, committed 21248K, reserved 1067008K
  class space    used 2530K, capacity 2725K, committed 2816K, reserved 1048576K
}
Event: 5.241 GC heap before
{Heap before GC invocations=7 (full 1):
 PSYoungGen      total 31744K, used 2016K [0x00000000eda00000, 0x00000000efb00000, 0x0000000100000000)
  eden space 29696K, 0% used [0x00000000eda00000,0x00000000eda00000,0x00000000ef700000)
  from space 2048K, 98% used [0x00000000ef900000,0x00000000efaf8020,0x00000000efb00000)
  to   space 2048K, 0% used [0x00000000ef700000,0x00000000ef700000,0x00000000ef900000)
 ParOldGen       total 38400K, used 13264K [0x00000000c8e00000, 0x00000000cb380000, 0x00000000eda00000)
  object space 38400K, 34% used [0x00000000c8e00000,0x00000000c9af4218,0x00000000cb380000)
 Metaspace       used 20152K, capacity 21114K, committed 21248K, reserved 1067008K
  class space    used 2530K, capacity 2725K, committed 2816K, reserved 1048576K
Event: 5.334 GC heap after
Heap after GC invocations=7 (full 1):
 PSYoungGen      total 31744K, used 0K [0x00000000eda00000, 0x00000000efb00000, 0x0000000100000000)
  eden space 29696K, 0% used [0x00000000eda00000,0x00000000eda00000,0x00000000ef700000)
  from space 2048K, 0% used [0x00000000ef900000,0x00000000ef900000,0x00000000efb00000)
  to   space 2048K, 0% used [0x00000000ef700000,0x00000000ef700000,0x00000000ef900000)
 ParOldGen       total 32768K, used 6630K [0x00000000c8e00000, 0x00000000cae00000, 0x00000000eda00000)
  object space 32768K, 20% used [0x00000000c8e00000,0x00000000c9479b08,0x00000000cae00000)
 Metaspace       used 20152K, capacity 21114K, committed 21248K, reserved 1067008K
  class space    used 2530K, capacity 2725K, committed 2816K, reserved 1048576K
}

Deoptimization events (10 events):
Event: 5.091 Thread 0x0000000003235800 Uncommon trap: reason=class_check action=maybe_recompile pc=0x000000000353f9d4 method=java.lang.String.equals(Ljava/lang/Object;)Z @ 8
Event: 5.091 Thread 0x0000000003235800 Uncommon trap: reason=class_check action=maybe_recompile pc=0x000000000353f9d4 method=java.lang.String.equals(Ljava/lang/Object;)Z @ 8
Event: 5.091 Thread 0x0000000003235800 Uncommon trap: reason=class_check action=maybe_recompile pc=0x000000000353f9d4 method=java.lang.String.equals(Ljava/lang/Object;)Z @ 8
Event: 5.092 Thread 0x0000000003235800 Uncommon trap: reason=class_check action=maybe_recompile pc=0x000000000353f9d4 method=java.lang.String.equals(Ljava/lang/Object;)Z @ 8
Event: 5.385 Thread 0x0000000003235800 Uncommon trap: reason=predicate action=maybe_recompile pc=0x00000000039579fc method=java.util.AbstractCollection.toArray([Ljava/lang/Object;)[Ljava/lang/Object; @ 49
Event: 5.436 Thread 0x0000000003235800 Uncommon trap: reason=unstable_if action=reinterpret pc=0x00000000036ede38 method=java.util.Arrays.equals([Ljava/lang/Object;[Ljava/lang/Object;)Z @ 65
Event: 5.513 Thread 0x0000000003235800 Uncommon trap: reason=array_check action=maybe_recompile pc=0x000000000398692c method=java.util.AbstractCollection.toArray([Ljava/lang/Object;)[Ljava/lang/Object; @ 119
Event: 5.513 Thread 0x0000000003235800 Uncommon trap: reason=array_check action=maybe_recompile pc=0x000000000398692c method=java.util.AbstractCollection.toArray([Ljava/lang/Object;)[Ljava/lang/Object; @ 119
Event: 5.513 Thread 0x0000000003235800 Uncommon trap: reason=array_check action=maybe_recompile pc=0x000000000398692c method=java.util.AbstractCollection.toArray([Ljava/lang/Object;)[Ljava/lang/Object; @ 119
Event: 5.513 Thread 0x0000000003235800 Uncommon trap: reason=array_check action=maybe_recompile pc=0x000000000398692c method=java.util.AbstractCollection.toArray([Ljava/lang/Object;)[Ljava/lang/Object; @ 119

Classes redefined (0 events):
No events

Internal exceptions (10 events):
Event: 4.036 Thread 0x0000000003235800 Exception <a 'java/lang/ClassNotFoundException': org/springframework/beans/factory/AwareCustomizer> (0x00000000ef0b6eb8) thrown at [C:\ade\jenkins\workspace\8-2-build-windows-amd64-cygwin\jdk8u241\331\hotspot\src\share\vm\classfile\systemDictionary.cpp, l
Event: 4.037 Thread 0x0000000003235800 Exception <a 'java/lang/ClassNotFoundException': org/springframework/beans/factory/BeanClassLoaderAwareCustomizer> (0x00000000ef0c60c8) thrown at [C:\ade\jenkins\workspace\8-2-build-windows-amd64-cygwin\jdk8u241\331\hotspot\src\share\vm\classfile\systemDi
Event: 4.037 Thread 0x0000000003235800 Exception <a 'java/lang/ClassNotFoundException': org/springframework/beans/factory/AwareCustomizer> (0x00000000ef0d3c60) thrown at [C:\ade\jenkins\workspace\8-2-build-windows-amd64-cygwin\jdk8u241\331\hotspot\src\share\vm\classfile\systemDictionary.cpp, l
Event: 4.038 Thread 0x0000000003235800 Exception <a 'java/lang/ClassNotFoundException': org/springframework/context/EnvironmentAwareCustomizer> (0x00000000ef0e1450) thrown at [C:\ade\jenkins\workspace\8-2-build-windows-amd64-cygwin\jdk8u241\331\hotspot\src\share\vm\classfile\systemDictionary.c
Event: 4.038 Thread 0x0000000003235800 Exception <a 'java/lang/ClassNotFoundException': org/springframework/beans/factory/AwareCustomizer> (0x00000000ef0eeec8) thrown at [C:\ade\jenkins\workspace\8-2-build-windows-amd64-cygwin\jdk8u241\331\hotspot\src\share\vm\classfile\systemDictionary.cpp, l
Event: 4.183 Thread 0x0000000017b98000 Exception <a 'java/lang/IncompatibleClassChangeError': Found class java.lang.Object, but interface was expected> (0x00000000edb0b040) thrown at [C:\ade\jenkins\workspace\8-2-build-windows-amd64-cygwin\jdk8u241\331\hotspot\src\share\vm\interpreter\linkReso
Event: 4.272 Thread 0x0000000003235800 Exception <a 'java/lang/NoSuchMethodError': java.lang.Object.lambda$or$2(Ljava/util/function/Predicate;Ljava/lang/Object;)Z> (0x00000000ede55b08) thrown at [C:\ade\jenkins\workspace\8-2-build-windows-amd64-cygwin\jdk8u241\331\hotspot\src\share\vm\interpre
Event: 4.431 Thread 0x0000000003235800 Exception <a 'java/lang/IncompatibleClassChangeError': Found class java.lang.Object, but interface was expected> (0x00000000ee58ba90) thrown at [C:\ade\jenkins\workspace\8-2-build-windows-amd64-cygwin\jdk8u241\331\hotspot\src\share\vm\interpreter\linkReso
Event: 4.586 Thread 0x0000000003235800 Exception <a 'java/lang/NoSuchMethodError': java.lang.Object.lambda$getAllAnnotationAttributes$0(Lorg/springframework/util/MultiValueMap;)Lorg/springframework/util/MultiValueMap;> (0x00000000ee7829e8) thrown at [C:\ade\jenkins\workspace\8-2-build-windows-
Event: 4.587 Thread 0x0000000003235800 Exception <a 'java/lang/NoSuchMethodError': java.lang.Object.lambda$identity$2(Ljava/lang/Object;)Ljava/lang/Object;> (0x00000000ee797d70) thrown at [C:\ade\jenkins\workspace\8-2-build-windows-amd64-cygwin\jdk8u241\331\hotspot\src\share\vm\interpreter\lin

Events (10 events):
Event: 5.863 loading class org/springframework/cglib/proxy/Factory
Event: 5.863 loading class org/springframework/cglib/proxy/Factory done
Event: 5.864 loading class org/springframework/cglib/core/MethodWrapper
Event: 5.864 loading class org/springframework/cglib/core/MethodWrapper done
Event: 5.865 loading class org/springframework/cglib/core/MethodWrapper$MethodWrapperKey
Event: 5.865 loading class org/springframework/cglib/core/MethodWrapper$MethodWrapperKey done
Event: 5.885 loading class org/springframework/cglib/core/RejectModifierPredicate
Event: 5.885 loading class org/springframework/cglib/core/RejectModifierPredicate done
Event: 5.886 loading class org/springframework/cglib/core/DuplicatesPredicate
Event: 5.886 loading class org/springframework/cglib/core/DuplicatesPredicate done


Dynamic libraries:
0x00007ff76fae0000 - 0x00007ff76fb17000 	C:\Program Files\Java\jdk1.8.0_241\bin\java.exe
0x00007ffa7dff0000 - 0x00007ffa7e1e6000 	C:\WINDOWS\SYSTEM32\ntdll.dll
0x00007ffa7c6f0000 - 0x00007ffa7c7ad000 	C:\WINDOWS\System32\KERNEL32.DLL
0x00007ffa7baa0000 - 0x00007ffa7bd69000 	C:\WINDOWS\System32\KERNELBASE.dll
0x00007ffa7da10000 - 0x00007ffa7dabc000 	C:\WINDOWS\System32\ADVAPI32.dll
0x00007ffa7cff0000 - 0x00007ffa7d08e000 	C:\WINDOWS\System32\msvcrt.dll
0x00007ffa7c650000 - 0x00007ffa7c6ec000 	C:\WINDOWS\System32\sechost.dll
0x00007ffa7cec0000 - 0x00007ffa7cfeb000 	C:\WINDOWS\System32\RPCRT4.dll
0x00007ffa7cb20000 - 0x00007ffa7ccc0000 	C:\WINDOWS\System32\USER32.dll
0x00007ffa7bec0000 - 0x00007ffa7bee2000 	C:\WINDOWS\System32\win32u.dll
0x00007ffa7c940000 - 0x00007ffa7c96a000 	C:\WINDOWS\System32\GDI32.dll
0x00007ffa7b990000 - 0x00007ffa7ba9b000 	C:\WINDOWS\System32\gdi32full.dll
0x00007ffa7b8f0000 - 0x00007ffa7b98d000 	C:\WINDOWS\System32\msvcp_win.dll
0x00007ffa7bdc0000 - 0x00007ffa7bec0000 	C:\WINDOWS\System32\ucrtbase.dll
0x00007ffa5a190000 - 0x00007ffa5a42b000 	C:\WINDOWS\WinSxS\amd64_microsoft.windows.common-controls_6595b64144ccf1df_6.0.19041.746_none_ca02b4b61b8320a4\COMCTL32.dll
0x00007ffa7dac0000 - 0x00007ffa7daf0000 	C:\WINDOWS\System32\IMM32.DLL
0x00000000524b0000 - 0x0000000052582000 	C:\Program Files\Java\jdk1.8.0_241\jre\bin\msvcr100.dll
0x0000000051c00000 - 0x00000000524ac000 	C:\Program Files\Java\jdk1.8.0_241\jre\bin\server\jvm.dll
0x00007ffa7dfa0000 - 0x00007ffa7dfa8000 	C:\WINDOWS\System32\PSAPI.DLL
0x00007ffa5c6f0000 - 0x00007ffa5c6f9000 	C:\WINDOWS\SYSTEM32\WSOCK32.dll
0x00007ffa7ccc0000 - 0x00007ffa7cd2b000 	C:\WINDOWS\System32\WS2_32.dll
0x00007ffa70e30000 - 0x00007ffa70e57000 	C:\WINDOWS\SYSTEM32\WINMM.dll
0x00007ffa73380000 - 0x00007ffa7338a000 	C:\WINDOWS\SYSTEM32\VERSION.dll
0x00007ffa72630000 - 0x00007ffa7263f000 	C:\Program Files\Java\jdk1.8.0_241\jre\bin\verify.dll
0x00007ffa4b3b0000 - 0x00007ffa4b3d9000 	C:\Program Files\Java\jdk1.8.0_241\jre\bin\java.dll
0x00007ffa4a910000 - 0x00007ffa4a933000 	C:\Program Files\Java\jdk1.8.0_241\jre\bin\instrument.dll
0x00007ffa71990000 - 0x00007ffa719a6000 	C:\Program Files\Java\jdk1.8.0_241\jre\bin\zip.dll
0x00007ffa7d140000 - 0x00007ffa7d883000 	C:\WINDOWS\System32\SHELL32.dll
0x00007ffa79890000 - 0x00007ffa7a01f000 	C:\WINDOWS\SYSTEM32\windows.storage.dll
0x00007ffa7db70000 - 0x00007ffa7dec6000 	C:\WINDOWS\System32\combase.dll
0x00007ffa7b120000 - 0x00007ffa7b14c000 	C:\WINDOWS\SYSTEM32\Wldp.dll
0x00007ffa7c050000 - 0x00007ffa7c0fe000 	C:\WINDOWS\System32\SHCORE.dll
0x00007ffa7d940000 - 0x00007ffa7d995000 	C:\WINDOWS\System32\shlwapi.dll
0x00007ffa7b660000 - 0x00007ffa7b686000 	C:\WINDOWS\SYSTEM32\profapi.dll
0x00007ffa6a8e0000 - 0x00007ffa6a8fa000 	C:\Program Files\JetBrains\IntelliJ IDEA Community Edition 2020.1.3\bin\breakgen64.dll
0x00007ffa65f60000 - 0x00007ffa65f7a000 	C:\Program Files\Java\jdk1.8.0_241\jre\bin\net.dll
0x00007ffa7ae40000 - 0x00007ffa7aeaa000 	C:\WINDOWS\system32\mswsock.dll
0x00007ffa71540000 - 0x00007ffa7154d000 	C:\Program Files\Java\jdk1.8.0_241\jre\bin\management.dll
0x00007ffa5e170000 - 0x00007ffa5e187000 	C:\WINDOWS\system32\napinsp.dll
0x00007ffa5e150000 - 0x00007ffa5e16b000 	C:\WINDOWS\system32\pnrpnsp.dll
0x00007ffa76ba0000 - 0x00007ffa76bb5000 	C:\WINDOWS\system32\wshbth.dll
0x00007ffa74520000 - 0x00007ffa7453d000 	C:\WINDOWS\system32\NLAapi.dll
0x00007ffa7ab30000 - 0x00007ffa7ab6b000 	C:\WINDOWS\SYSTEM32\IPHLPAPI.DLL
0x00007ffa7ab70000 - 0x00007ffa7ac3b000 	C:\WINDOWS\SYSTEM32\DNSAPI.dll
0x00007ffa7cd30000 - 0x00007ffa7cd38000 	C:\WINDOWS\System32\NSI.dll
0x00007ffa5e130000 - 0x00007ffa5e142000 	C:\WINDOWS\System32\winrnr.dll
0x00007ffa754e0000 - 0x00007ffa754ea000 	C:\Windows\System32\rasadhlp.dll
0x00007ffa70b40000 - 0x00007ffa70bbf000 	C:\WINDOWS\System32\fwpuclnt.dll
0x00007ffa7b7b0000 - 0x00007ffa7b7d7000 	C:\WINDOWS\System32\bcrypt.dll
0x00007ffa4b160000 - 0x00007ffa4b172000 	C:\Program Files\Java\jdk1.8.0_241\jre\bin\nio.dll

VM Arguments:
jvm_args: -javaagent:C:\Program Files\JetBrains\IntelliJ IDEA Community Edition 2020.1.3\lib\idea_rt.jar=54834:C:\Program Files\JetBrains\IntelliJ IDEA Community Edition 2020.1.3\bin -Dfile.encoding=UTF-8 
java_command: com.example.simplecaptcha.SimplecaptchaApplication
java_class_path (initial): C:\Program Files\Java\jdk1.8.0_241\jre\lib\charsets.jar;C:\Program Files\Java\jdk1.8.0_241\jre\lib\deploy.jar;C:\Program Files\Java\jdk1.8.0_241\jre\lib\ext\access-bridge-64.jar;C:\Program Files\Java\jdk1.8.0_241\jre\lib\ext\cldrdata.jar;C:\Program Files\Java\jdk1.8.0_241\jre\lib\ext\dnsns.jar;C:\Program Files\Java\jdk1.8.0_241\jre\lib\ext\jaccess.jar;C:\Program Files\Java\jdk1.8.0_241\jre\lib\ext\jfxrt.jar;C:\Program Files\Java\jdk1.8.0_241\jre\lib\ext\localedata.jar;C:\Program Files\Java\jdk1.8.0_241\jre\lib\ext\nashorn.jar;C:\Program Files\Java\jdk1.8.0_241\jre\lib\ext\sunec.jar;C:\Program Files\Java\jdk1.8.0_241\jre\lib\ext\sunjce_provider.jar;C:\Program Files\Java\jdk1.8.0_241\jre\lib\ext\sunmscapi.jar;C:\Program Files\Java\jdk1.8.0_241\jre\lib\ext\sunpkcs11.jar;C:\Program Files\Java\jdk1.8.0_241\jre\lib\ext\zipfs.jar;C:\Program Files\Java\jdk1.8.0_241\jre\lib\javaws.jar;C:\Program Files\Java\jdk1.8.0_241\jre\lib\jce.jar;C:\Program Files\Java\jdk1.8.0_241\jre\lib\jfr.jar;C:\Program Files\Java\jdk1.8.0_241\jre\lib\jfxswt.jar;C:\Program Files\Java\jdk1.8.0_241\jre\lib\jsse.jar;C:\Program Files\Java\jdk1.8.0_241\jre\lib\management-agent.jar;C:\Program Files\Java\jdk1.8.0_241\jre\lib\plugin.jar;C:\Program Files\Java\jdk1.8.0_241\jre\lib\resources.jar;C:\Program Files\Java\jdk1.8.0_241\jre\lib\rt.jar;C:\Source\Java\Captcha\simplecaptcha\target\classes;C:\Users\KillM\.m2\repository\org\springframework\boot\spring-boot-starter-web\2.4.2\spring-boot-starter-web-2.4.2.jar;C:\Users\KillM\.m2\repository\org\springframework\boot\spring-boot-starter\2.4.2\spring-boot-starter-2.4.2.jar;C:\Users\KillM\.m2\repository\org\springframework\boot\spring-boot\2.4.2\spring-boot-2.4.2.jar;C:\Users\KillM\.m2\repository\org\springframework\boot\spring-boot-autoconfigure\2.4.2\spring-boot-autoconfigure-2.4.2.jar;C:\Users\KillM\.m2\repository\org\springframework\boot\spring-boot-starter-logging\2.4.2\spring-boot-starter-logging-2.4.2.jar;C:\Users\KillM\.m2\rep
Launcher Type: SUN_STANDARD

Environment Variables:
JAVA_HOME=C:\Program Files\Java\jre1.8.0_241
CLASSPATH=.;
USERNAME=KillM
OS=Windows_NT
PROCESSOR_IDENTIFIER=AMD64 Family 23 Model 24 Stepping 1, AuthenticAMD



---------------  S Y S T E M  ---------------

OS: Windows 10.0 , 64 bit Build 19041 (10.0.19041.662)

CPU:total 4 (initial active 4) (4 cores per cpu, 1 threads per core) family 23 model 24 stepping 1, cmov, cx8, fxsr, mmx, sse, sse2, sse3, ssse3, sse4.1, sse4.2, popcnt, avx, avx2, aes, clmul, mmxext, 3dnowpref, lzcnt, sse4a, tsc, tscinvbit, tscinv, bmi1

Memory: 4k page, physical 3607180k(175408k free), swap 14617228k(5252k free)

vm_info: Java HotSpot(TM) 64-Bit Server VM (25.241-b07) for windows-amd64 JRE (1.8.0_241-b07), built on Dec 11 2019 10:21:40 by "rejava" with MS VC++ 10.0 (VS2010)

time: Thu Jan 21 22:29:01 2021
timezone: Hora est. Pacífico, Sudamérica
elapsed time: 5 seconds (0d 0h 0m 5s)

